{
  "C:/Users/Lenovo/Desktop/React/LangView/my-app/frontend/src/components/ui/button/AuthButton/AuthButton.jsx": {
    "path": "C:/Users/Lenovo/Desktop/React/LangView/my-app/frontend/src/components/ui/button/AuthButton/AuthButton.jsx",
    "statementMap": {
      "0": {
        "start": {
          "line": 4,
          "column": 27
        },
        "end": {
          "line": 10,
          "column": 1
        }
      },
      "1": {
        "start": {
          "line": 5,
          "column": 2
        },
        "end": {
          "line": 9,
          "column": 11
        }
      },
      "2": {
        "start": {
          "line": 11,
          "column": 0
        },
        "end": {
          "line": 11,
          "column": 17
        }
      },
      "3": {
        "start": {
          "line": 14,
          "column": 0
        },
        "end": {
          "line": 14,
          "column": 32
        }
      },
      "4": {
        "start": {
          "line": 16,
          "column": 20
        },
        "end": {
          "line": 16,
          "column": 97
        }
      },
      "5": {
        "start": {
          "line": 17,
          "column": 0
        },
        "end": {
          "line": 31,
          "column": 1
        }
      },
      "6": {
        "start": {
          "line": 18,
          "column": 2
        },
        "end": {
          "line": 22,
          "column": 3
        }
      },
      "7": {
        "start": {
          "line": 19,
          "column": 4
        },
        "end": {
          "line": 21,
          "column": 6
        }
      },
      "8": {
        "start": {
          "line": 23,
          "column": 2
        },
        "end": {
          "line": 30,
          "column": 5
        }
      },
      "9": {
        "start": {
          "line": 24,
          "column": 4
        },
        "end": {
          "line": 24,
          "column": 175
        }
      },
      "10": {
        "start": {
          "line": 25,
          "column": 4
        },
        "end": {
          "line": 29,
          "column": 7
        }
      },
      "11": {
        "start": {
          "line": 26,
          "column": 6
        },
        "end": {
          "line": 26,
          "column": 31
        }
      },
      "12": {
        "start": {
          "line": 26,
          "column": 24
        },
        "end": {
          "line": 26,
          "column": 31
        }
      },
      "13": {
        "start": {
          "line": 27,
          "column": 32
        },
        "end": {
          "line": 27,
          "column": 224
        }
      },
      "14": {
        "start": {
          "line": 28,
          "column": 6
        },
        "end": {
          "line": 28,
          "column": 75
        }
      },
      "15": {
        "start": {
          "line": 28,
          "column": 29
        },
        "end": {
          "line": 28,
          "column": 75
        }
      },
      "16": {
        "start": {
          "line": 33,
          "column": 2
        },
        "end": {
          "line": 33,
          "column": 154
        }
      },
      "17": {
        "start": {
          "line": 36,
          "column": 2
        },
        "end": {
          "line": 36,
          "column": 62
        }
      }
    },
    "fnMap": {
      "0": {
        "name": "(anonymous_0)",
        "decl": {
          "start": {
            "line": 4,
            "column": 27
          },
          "end": {
            "line": 4,
            "column": 28
          }
        },
        "loc": {
          "start": {
            "line": 4,
            "column": 54
          },
          "end": {
            "line": 10,
            "column": 1
          }
        },
        "line": 4
      },
      "1": {
        "name": "(anonymous_1)",
        "decl": {
          "start": {
            "line": 23,
            "column": 52
          },
          "end": {
            "line": 23,
            "column": 53
          }
        },
        "loc": {
          "start": {
            "line": 23,
            "column": 72
          },
          "end": {
            "line": 30,
            "column": 3
          }
        },
        "line": 23
      },
      "2": {
        "name": "(anonymous_2)",
        "decl": {
          "start": {
            "line": 25,
            "column": 27
          },
          "end": {
            "line": 25,
            "column": 28
          }
        },
        "loc": {
          "start": {
            "line": 25,
            "column": 44
          },
          "end": {
            "line": 29,
            "column": 5
          }
        },
        "line": 25
      },
      "3": {
        "name": "$RefreshReg$",
        "decl": {
          "start": {
            "line": 32,
            "column": 9
          },
          "end": {
            "line": 32,
            "column": 21
          }
        },
        "loc": {
          "start": {
            "line": 32,
            "column": 32
          },
          "end": {
            "line": 34,
            "column": 1
          }
        },
        "line": 32
      },
      "4": {
        "name": "$RefreshSig$",
        "decl": {
          "start": {
            "line": 35,
            "column": 9
          },
          "end": {
            "line": 35,
            "column": 21
          }
        },
        "loc": {
          "start": {
            "line": 35,
            "column": 24
          },
          "end": {
            "line": 37,
            "column": 1
          }
        },
        "line": 35
      }
    },
    "branchMap": {
      "0": {
        "loc": {
          "start": {
            "line": 16,
            "column": 20
          },
          "end": {
            "line": 16,
            "column": 97
          }
        },
        "type": "binary-expr",
        "locations": [
          {
            "start": {
              "line": 16,
              "column": 20
            },
            "end": {
              "line": 16,
              "column": 60
            }
          },
          {
            "start": {
              "line": 16,
              "column": 64
            },
            "end": {
              "line": 16,
              "column": 97
            }
          }
        ],
        "line": 16
      },
      "1": {
        "loc": {
          "start": {
            "line": 17,
            "column": 0
          },
          "end": {
            "line": 31,
            "column": 1
          }
        },
        "type": "if",
        "locations": [
          {
            "start": {
              "line": 17,
              "column": 0
            },
            "end": {
              "line": 31,
              "column": 1
            }
          },
          {
            "start": {},
            "end": {}
          }
        ],
        "line": 17
      },
      "2": {
        "loc": {
          "start": {
            "line": 17,
            "column": 4
          },
          "end": {
            "line": 17,
            "column": 35
          }
        },
        "type": "binary-expr",
        "locations": [
          {
            "start": {
              "line": 17,
              "column": 4
            },
            "end": {
              "line": 17,
              "column": 19
            }
          },
          {
            "start": {
              "line": 17,
              "column": 23
            },
            "end": {
              "line": 17,
              "column": 35
            }
          }
        ],
        "line": 17
      },
      "3": {
        "loc": {
          "start": {
            "line": 18,
            "column": 2
          },
          "end": {
            "line": 22,
            "column": 3
          }
        },
        "type": "if",
        "locations": [
          {
            "start": {
              "line": 18,
              "column": 2
            },
            "end": {
              "line": 22,
              "column": 3
            }
          },
          {
            "start": {},
            "end": {}
          }
        ],
        "line": 18
      },
      "4": {
        "loc": {
          "start": {
            "line": 26,
            "column": 6
          },
          "end": {
            "line": 26,
            "column": 31
          }
        },
        "type": "if",
        "locations": [
          {
            "start": {
              "line": 26,
              "column": 6
            },
            "end": {
              "line": 26,
              "column": 31
            }
          },
          {
            "start": {},
            "end": {}
          }
        ],
        "line": 26
      },
      "5": {
        "loc": {
          "start": {
            "line": 28,
            "column": 6
          },
          "end": {
            "line": 28,
            "column": 75
          }
        },
        "type": "if",
        "locations": [
          {
            "start": {
              "line": 28,
              "column": 6
            },
            "end": {
              "line": 28,
              "column": 75
            }
          },
          {
            "start": {},
            "end": {}
          }
        ],
        "line": 28
      }
    },
    "s": {
      "0": 14,
      "1": 180,
      "2": 4,
      "3": 4,
      "4": 4,
      "5": 4,
      "6": 4,
      "7": 0,
      "8": 4,
      "9": 4,
      "10": 4,
      "11": 0,
      "12": 0,
      "13": 0,
      "14": 0,
      "15": 0,
      "16": 4,
      "17": 0
    },
    "f": {
      "0": 180,
      "1": 4,
      "2": 0,
      "3": 4,
      "4": 0
    },
    "b": {
      "0": [
        4,
        0
      ],
      "1": [
        4,
        0
      ],
      "2": [
        4,
        4
      ],
      "3": [
        0,
        4
      ],
      "4": [
        0,
        0
      ],
      "5": [
        0,
        0
      ]
    },
    "inputSourceMap": {
      "version": 3,
      "mappings": "AAIQ;AAJR,OAAOA,WAAW;AAClB,OAAOC,YAAY;AACZ,aAAMC,cAAcA,CAAC,EAACC,UAAUC,QAAO,MAAM;AAChD,SACI,uBAAC,YAAO,WAAWH,OAAOI,cAAc,SAAmBF,YAA3D;AAAA;AAAA;AAAA;AAAA,SAAoE;AAE5E;AAACG,KAJYJ;AAMb,eAAeA;AAAW,IAAAI;AAAAC,aAAAD,IAAA",
      "names": [
        "React",
        "styles",
        "LoginButton",
        "children",
        "onClick",
        "login_button",
        "_c",
        "$RefreshReg$"
      ],
      "ignoreList": [],
      "sources": [
        "C:/Users/Lenovo/Desktop/React/LangView/my-app/frontend/src/components/ui/button/AuthButton/AuthButton.jsx"
      ],
      "file": "C:/Users/Lenovo/Desktop/React/LangView/my-app/frontend/src/components/ui/button/AuthButton/AuthButton.jsx"
    },
    "_coverageSchema": "1a1c01bbd47fc00a2c39e90264f33305004495a9",
    "hash": "48eee0fa5c199a872c313d293142d2195e72e057"
  },
  "C:/Users/Lenovo/Desktop/React/LangView/my-app/frontend/src/context/AuthContext.jsx": {
    "path": "C:/Users/Lenovo/Desktop/React/LangView/my-app/frontend/src/context/AuthContext.jsx",
    "statementMap": {
      "0": {
        "start": {
          "line": 2,
          "column": 9
        },
        "end": {
          "line": 2,
          "column": 23
        }
      },
      "1": {
        "start": {
          "line": 4,
          "column": 27
        },
        "end": {
          "line": 4,
          "column": 46
        }
      },
      "2": {
        "start": {
          "line": 5,
          "column": 28
        },
        "end": {
          "line": 77,
          "column": 1
        }
      },
      "3": {
        "start": {
          "line": 6,
          "column": 2
        },
        "end": {
          "line": 6,
          "column": 7
        }
      },
      "4": {
        "start": {
          "line": 7,
          "column": 26
        },
        "end": {
          "line": 7,
          "column": 40
        }
      },
      "5": {
        "start": {
          "line": 8,
          "column": 32
        },
        "end": {
          "line": 8,
          "column": 46
        }
      },
      "6": {
        "start": {
          "line": 9,
          "column": 28
        },
        "end": {
          "line": 9,
          "column": 67
        }
      },
      "7": {
        "start": {
          "line": 10,
          "column": 2
        },
        "end": {
          "line": 33,
          "column": 14
        }
      },
      "8": {
        "start": {
          "line": 11,
          "column": 22
        },
        "end": {
          "line": 31,
          "column": 5
        }
      },
      "9": {
        "start": {
          "line": 12,
          "column": 6
        },
        "end": {
          "line": 15,
          "column": 7
        }
      },
      "10": {
        "start": {
          "line": 13,
          "column": 8
        },
        "end": {
          "line": 13,
          "column": 26
        }
      },
      "11": {
        "start": {
          "line": 14,
          "column": 8
        },
        "end": {
          "line": 14,
          "column": 15
        }
      },
      "12": {
        "start": {
          "line": 16,
          "column": 6
        },
        "end": {
          "line": 29,
          "column": 7
        }
      },
      "13": {
        "start": {
          "line": 17,
          "column": 25
        },
        "end": {
          "line": 19,
          "column": 10
        }
      },
      "14": {
        "start": {
          "line": 20,
          "column": 8
        },
        "end": {
          "line": 25,
          "column": 9
        }
      },
      "15": {
        "start": {
          "line": 21,
          "column": 23
        },
        "end": {
          "line": 21,
          "column": 44
        }
      },
      "16": {
        "start": {
          "line": 22,
          "column": 10
        },
        "end": {
          "line": 22,
          "column": 29
        }
      },
      "17": {
        "start": {
          "line": 24,
          "column": 10
        },
        "end": {
          "line": 24,
          "column": 24
        }
      },
      "18": {
        "start": {
          "line": 27,
          "column": 8
        },
        "end": {
          "line": 27,
          "column": 41
        }
      },
      "19": {
        "start": {
          "line": 28,
          "column": 8
        },
        "end": {
          "line": 28,
          "column": 22
        }
      },
      "20": {
        "start": {
          "line": 30,
          "column": 6
        },
        "end": {
          "line": 30,
          "column": 24
        }
      },
      "21": {
        "start": {
          "line": 32,
          "column": 4
        },
        "end": {
          "line": 32,
          "column": 16
        }
      },
      "22": {
        "start": {
          "line": 34,
          "column": 16
        },
        "end": {
          "line": 52,
          "column": 3
        }
      },
      "23": {
        "start": {
          "line": 35,
          "column": 4
        },
        "end": {
          "line": 51,
          "column": 5
        }
      },
      "24": {
        "start": {
          "line": 36,
          "column": 23
        },
        "end": {
          "line": 40,
          "column": 8
        }
      },
      "25": {
        "start": {
          "line": 41,
          "column": 19
        },
        "end": {
          "line": 41,
          "column": 40
        }
      },
      "26": {
        "start": {
          "line": 42,
          "column": 6
        },
        "end": {
          "line": 46,
          "column": 7
        }
      },
      "27": {
        "start": {
          "line": 43,
          "column": 8
        },
        "end": {
          "line": 43,
          "column": 50
        }
      },
      "28": {
        "start": {
          "line": 44,
          "column": 8
        },
        "end": {
          "line": 44,
          "column": 29
        }
      },
      "29": {
        "start": {
          "line": 45,
          "column": 8
        },
        "end": {
          "line": 45,
          "column": 27
        }
      },
      "30": {
        "start": {
          "line": 47,
          "column": 6
        },
        "end": {
          "line": 47,
          "column": 18
        }
      },
      "31": {
        "start": {
          "line": 49,
          "column": 6
        },
        "end": {
          "line": 49,
          "column": 39
        }
      },
      "32": {
        "start": {
          "line": 50,
          "column": 6
        },
        "end": {
          "line": 50,
          "column": 44
        }
      },
      "33": {
        "start": {
          "line": 53,
          "column": 19
        },
        "end": {
          "line": 66,
          "column": 3
        }
      },
      "34": {
        "start": {
          "line": 54,
          "column": 4
        },
        "end": {
          "line": 65,
          "column": 5
        }
      },
      "35": {
        "start": {
          "line": 55,
          "column": 23
        },
        "end": {
          "line": 59,
          "column": 8
        }
      },
      "36": {
        "start": {
          "line": 60,
          "column": 19
        },
        "end": {
          "line": 60,
          "column": 40
        }
      },
      "37": {
        "start": {
          "line": 61,
          "column": 6
        },
        "end": {
          "line": 61,
          "column": 18
        }
      },
      "38": {
        "start": {
          "line": 63,
          "column": 6
        },
        "end": {
          "line": 63,
          "column": 39
        }
      },
      "39": {
        "start": {
          "line": 64,
          "column": 6
        },
        "end": {
          "line": 64,
          "column": 44
        }
      },
      "40": {
        "start": {
          "line": 67,
          "column": 17
        },
        "end": {
          "line": 71,
          "column": 3
        }
      },
      "41": {
        "start": {
          "line": 68,
          "column": 4
        },
        "end": {
          "line": 68,
          "column": 37
        }
      },
      "42": {
        "start": {
          "line": 69,
          "column": 4
        },
        "end": {
          "line": 69,
          "column": 19
        }
      },
      "43": {
        "start": {
          "line": 70,
          "column": 4
        },
        "end": {
          "line": 70,
          "column": 18
        }
      },
      "44": {
        "start": {
          "line": 72,
          "column": 2
        },
        "end": {
          "line": 76,
          "column": 11
        }
      },
      "45": {
        "start": {
          "line": 78,
          "column": 0
        },
        "end": {
          "line": 78,
          "column": 49
        }
      },
      "46": {
        "start": {
          "line": 79,
          "column": 0
        },
        "end": {
          "line": 79,
          "column": 18
        }
      },
      "47": {
        "start": {
          "line": 81,
          "column": 0
        },
        "end": {
          "line": 81,
          "column": 33
        }
      },
      "48": {
        "start": {
          "line": 83,
          "column": 20
        },
        "end": {
          "line": 83,
          "column": 97
        }
      },
      "49": {
        "start": {
          "line": 84,
          "column": 0
        },
        "end": {
          "line": 98,
          "column": 1
        }
      },
      "50": {
        "start": {
          "line": 85,
          "column": 2
        },
        "end": {
          "line": 89,
          "column": 3
        }
      },
      "51": {
        "start": {
          "line": 86,
          "column": 4
        },
        "end": {
          "line": 88,
          "column": 6
        }
      },
      "52": {
        "start": {
          "line": 90,
          "column": 2
        },
        "end": {
          "line": 97,
          "column": 5
        }
      },
      "53": {
        "start": {
          "line": 91,
          "column": 4
        },
        "end": {
          "line": 91,
          "column": 152
        }
      },
      "54": {
        "start": {
          "line": 92,
          "column": 4
        },
        "end": {
          "line": 96,
          "column": 7
        }
      },
      "55": {
        "start": {
          "line": 93,
          "column": 6
        },
        "end": {
          "line": 93,
          "column": 31
        }
      },
      "56": {
        "start": {
          "line": 93,
          "column": 24
        },
        "end": {
          "line": 93,
          "column": 31
        }
      },
      "57": {
        "start": {
          "line": 94,
          "column": 32
        },
        "end": {
          "line": 94,
          "column": 201
        }
      },
      "58": {
        "start": {
          "line": 95,
          "column": 6
        },
        "end": {
          "line": 95,
          "column": 75
        }
      },
      "59": {
        "start": {
          "line": 95,
          "column": 29
        },
        "end": {
          "line": 95,
          "column": 75
        }
      },
      "60": {
        "start": {
          "line": 100,
          "column": 2
        },
        "end": {
          "line": 100,
          "column": 131
        }
      },
      "61": {
        "start": {
          "line": 103,
          "column": 2
        },
        "end": {
          "line": 103,
          "column": 62
        }
      },
      "62": {
        "start": {
          "line": 3,
          "column": 27
        },
        "end": {
          "line": 3,
          "column": 46
        }
      },
      "63": {
        "start": {
          "line": 4,
          "column": 28
        },
        "end": {
          "line": 75,
          "column": 1
        }
      },
      "64": {
        "start": {
          "line": 5,
          "column": 26
        },
        "end": {
          "line": 5,
          "column": 40
        }
      },
      "65": {
        "start": {
          "line": 6,
          "column": 32
        },
        "end": {
          "line": 6,
          "column": 46
        }
      },
      "66": {
        "start": {
          "line": 7,
          "column": 28
        },
        "end": {
          "line": 7,
          "column": 67
        }
      },
      "67": {
        "start": {
          "line": 8,
          "column": 2
        },
        "end": {
          "line": 31,
          "column": 14
        }
      },
      "68": {
        "start": {
          "line": 9,
          "column": 22
        },
        "end": {
          "line": 29,
          "column": 5
        }
      },
      "69": {
        "start": {
          "line": 10,
          "column": 6
        },
        "end": {
          "line": 13,
          "column": 7
        }
      },
      "70": {
        "start": {
          "line": 11,
          "column": 8
        },
        "end": {
          "line": 11,
          "column": 26
        }
      },
      "71": {
        "start": {
          "line": 12,
          "column": 8
        },
        "end": {
          "line": 12,
          "column": 15
        }
      },
      "72": {
        "start": {
          "line": 14,
          "column": 6
        },
        "end": {
          "line": 27,
          "column": 7
        }
      },
      "73": {
        "start": {
          "line": 15,
          "column": 25
        },
        "end": {
          "line": 17,
          "column": 10
        }
      },
      "74": {
        "start": {
          "line": 18,
          "column": 8
        },
        "end": {
          "line": 23,
          "column": 9
        }
      },
      "75": {
        "start": {
          "line": 19,
          "column": 23
        },
        "end": {
          "line": 19,
          "column": 44
        }
      },
      "76": {
        "start": {
          "line": 20,
          "column": 10
        },
        "end": {
          "line": 20,
          "column": 29
        }
      },
      "77": {
        "start": {
          "line": 22,
          "column": 10
        },
        "end": {
          "line": 22,
          "column": 24
        }
      },
      "78": {
        "start": {
          "line": 25,
          "column": 8
        },
        "end": {
          "line": 25,
          "column": 41
        }
      },
      "79": {
        "start": {
          "line": 26,
          "column": 8
        },
        "end": {
          "line": 26,
          "column": 22
        }
      },
      "80": {
        "start": {
          "line": 28,
          "column": 6
        },
        "end": {
          "line": 28,
          "column": 24
        }
      },
      "81": {
        "start": {
          "line": 30,
          "column": 4
        },
        "end": {
          "line": 30,
          "column": 16
        }
      },
      "82": {
        "start": {
          "line": 32,
          "column": 16
        },
        "end": {
          "line": 50,
          "column": 3
        }
      },
      "83": {
        "start": {
          "line": 33,
          "column": 4
        },
        "end": {
          "line": 49,
          "column": 5
        }
      },
      "84": {
        "start": {
          "line": 34,
          "column": 23
        },
        "end": {
          "line": 38,
          "column": 8
        }
      },
      "85": {
        "start": {
          "line": 39,
          "column": 19
        },
        "end": {
          "line": 39,
          "column": 40
        }
      },
      "86": {
        "start": {
          "line": 40,
          "column": 6
        },
        "end": {
          "line": 44,
          "column": 7
        }
      },
      "87": {
        "start": {
          "line": 41,
          "column": 8
        },
        "end": {
          "line": 41,
          "column": 50
        }
      },
      "88": {
        "start": {
          "line": 42,
          "column": 8
        },
        "end": {
          "line": 42,
          "column": 29
        }
      },
      "89": {
        "start": {
          "line": 43,
          "column": 8
        },
        "end": {
          "line": 43,
          "column": 27
        }
      },
      "90": {
        "start": {
          "line": 45,
          "column": 6
        },
        "end": {
          "line": 45,
          "column": 18
        }
      },
      "91": {
        "start": {
          "line": 47,
          "column": 6
        },
        "end": {
          "line": 47,
          "column": 39
        }
      },
      "92": {
        "start": {
          "line": 48,
          "column": 6
        },
        "end": {
          "line": 48,
          "column": 44
        }
      },
      "93": {
        "start": {
          "line": 51,
          "column": 19
        },
        "end": {
          "line": 64,
          "column": 3
        }
      },
      "94": {
        "start": {
          "line": 52,
          "column": 4
        },
        "end": {
          "line": 63,
          "column": 5
        }
      },
      "95": {
        "start": {
          "line": 53,
          "column": 23
        },
        "end": {
          "line": 57,
          "column": 8
        }
      },
      "96": {
        "start": {
          "line": 58,
          "column": 19
        },
        "end": {
          "line": 58,
          "column": 40
        }
      },
      "97": {
        "start": {
          "line": 59,
          "column": 6
        },
        "end": {
          "line": 59,
          "column": 18
        }
      },
      "98": {
        "start": {
          "line": 61,
          "column": 6
        },
        "end": {
          "line": 61,
          "column": 39
        }
      },
      "99": {
        "start": {
          "line": 62,
          "column": 6
        },
        "end": {
          "line": 62,
          "column": 44
        }
      },
      "100": {
        "start": {
          "line": 65,
          "column": 17
        },
        "end": {
          "line": 69,
          "column": 3
        }
      },
      "101": {
        "start": {
          "line": 66,
          "column": 4
        },
        "end": {
          "line": 66,
          "column": 37
        }
      },
      "102": {
        "start": {
          "line": 67,
          "column": 4
        },
        "end": {
          "line": 67,
          "column": 19
        }
      },
      "103": {
        "start": {
          "line": 68,
          "column": 4
        },
        "end": {
          "line": 68,
          "column": 18
        }
      },
      "104": {
        "start": {
          "line": 70,
          "column": 2
        },
        "end": {
          "line": 74,
          "column": 11
        }
      }
    },
    "fnMap": {
      "0": {
        "name": "(anonymous_0)",
        "decl": {
          "start": {
            "line": 5,
            "column": 28
          },
          "end": {
            "line": 5,
            "column": 29
          }
        },
        "loc": {
          "start": {
            "line": 5,
            "column": 46
          },
          "end": {
            "line": 77,
            "column": 1
          }
        },
        "line": 5
      },
      "1": {
        "name": "(anonymous_1)",
        "decl": {
          "start": {
            "line": 10,
            "column": 12
          },
          "end": {
            "line": 10,
            "column": 13
          }
        },
        "loc": {
          "start": {
            "line": 10,
            "column": 18
          },
          "end": {
            "line": 33,
            "column": 3
          }
        },
        "line": 10
      },
      "2": {
        "name": "(anonymous_2)",
        "decl": {
          "start": {
            "line": 11,
            "column": 22
          },
          "end": {
            "line": 11,
            "column": 23
          }
        },
        "loc": {
          "start": {
            "line": 11,
            "column": 34
          },
          "end": {
            "line": 31,
            "column": 5
          }
        },
        "line": 11
      },
      "3": {
        "name": "(anonymous_3)",
        "decl": {
          "start": {
            "line": 34,
            "column": 16
          },
          "end": {
            "line": 34,
            "column": 17
          }
        },
        "loc": {
          "start": {
            "line": 34,
            "column": 48
          },
          "end": {
            "line": 52,
            "column": 3
          }
        },
        "line": 34
      },
      "4": {
        "name": "(anonymous_4)",
        "decl": {
          "start": {
            "line": 53,
            "column": 19
          },
          "end": {
            "line": 53,
            "column": 20
          }
        },
        "loc": {
          "start": {
            "line": 53,
            "column": 56
          },
          "end": {
            "line": 66,
            "column": 3
          }
        },
        "line": 53
      },
      "5": {
        "name": "(anonymous_5)",
        "decl": {
          "start": {
            "line": 67,
            "column": 17
          },
          "end": {
            "line": 67,
            "column": 18
          }
        },
        "loc": {
          "start": {
            "line": 67,
            "column": 23
          },
          "end": {
            "line": 71,
            "column": 3
          }
        },
        "line": 67
      },
      "6": {
        "name": "(anonymous_6)",
        "decl": {
          "start": {
            "line": 90,
            "column": 52
          },
          "end": {
            "line": 90,
            "column": 53
          }
        },
        "loc": {
          "start": {
            "line": 90,
            "column": 72
          },
          "end": {
            "line": 97,
            "column": 3
          }
        },
        "line": 90
      },
      "7": {
        "name": "(anonymous_7)",
        "decl": {
          "start": {
            "line": 92,
            "column": 27
          },
          "end": {
            "line": 92,
            "column": 28
          }
        },
        "loc": {
          "start": {
            "line": 92,
            "column": 44
          },
          "end": {
            "line": 96,
            "column": 5
          }
        },
        "line": 92
      },
      "8": {
        "name": "$RefreshReg$",
        "decl": {
          "start": {
            "line": 99,
            "column": 9
          },
          "end": {
            "line": 99,
            "column": 21
          }
        },
        "loc": {
          "start": {
            "line": 99,
            "column": 32
          },
          "end": {
            "line": 101,
            "column": 1
          }
        },
        "line": 99
      },
      "9": {
        "name": "$RefreshSig$",
        "decl": {
          "start": {
            "line": 102,
            "column": 9
          },
          "end": {
            "line": 102,
            "column": 21
          }
        },
        "loc": {
          "start": {
            "line": 102,
            "column": 24
          },
          "end": {
            "line": 104,
            "column": 1
          }
        },
        "line": 102
      },
      "10": {
        "name": "(anonymous_0)",
        "decl": {
          "start": {
            "line": 4,
            "column": 28
          },
          "end": {
            "line": 4,
            "column": 29
          }
        },
        "loc": {
          "start": {
            "line": 4,
            "column": 46
          },
          "end": {
            "line": 75,
            "column": 1
          }
        },
        "line": 4
      },
      "11": {
        "name": "(anonymous_1)",
        "decl": {
          "start": {
            "line": 8,
            "column": 12
          },
          "end": {
            "line": 8,
            "column": 13
          }
        },
        "loc": {
          "start": {
            "line": 8,
            "column": 18
          },
          "end": {
            "line": 31,
            "column": 3
          }
        },
        "line": 8
      },
      "12": {
        "name": "(anonymous_2)",
        "decl": {
          "start": {
            "line": 9,
            "column": 22
          },
          "end": {
            "line": 9,
            "column": 23
          }
        },
        "loc": {
          "start": {
            "line": 9,
            "column": 34
          },
          "end": {
            "line": 29,
            "column": 5
          }
        },
        "line": 9
      },
      "13": {
        "name": "(anonymous_3)",
        "decl": {
          "start": {
            "line": 32,
            "column": 16
          },
          "end": {
            "line": 32,
            "column": 17
          }
        },
        "loc": {
          "start": {
            "line": 32,
            "column": 48
          },
          "end": {
            "line": 50,
            "column": 3
          }
        },
        "line": 32
      },
      "14": {
        "name": "(anonymous_4)",
        "decl": {
          "start": {
            "line": 51,
            "column": 19
          },
          "end": {
            "line": 51,
            "column": 20
          }
        },
        "loc": {
          "start": {
            "line": 51,
            "column": 56
          },
          "end": {
            "line": 64,
            "column": 3
          }
        },
        "line": 51
      },
      "15": {
        "name": "(anonymous_5)",
        "decl": {
          "start": {
            "line": 65,
            "column": 17
          },
          "end": {
            "line": 65,
            "column": 18
          }
        },
        "loc": {
          "start": {
            "line": 65,
            "column": 23
          },
          "end": {
            "line": 69,
            "column": 3
          }
        },
        "line": 65
      }
    },
    "branchMap": {
      "0": {
        "loc": {
          "start": {
            "line": 12,
            "column": 6
          },
          "end": {
            "line": 15,
            "column": 7
          }
        },
        "type": "if",
        "locations": [
          {
            "start": {
              "line": 12,
              "column": 6
            },
            "end": {
              "line": 15,
              "column": 7
            }
          },
          {
            "start": {},
            "end": {}
          }
        ],
        "line": 12
      },
      "1": {
        "loc": {
          "start": {
            "line": 20,
            "column": 8
          },
          "end": {
            "line": 25,
            "column": 9
          }
        },
        "type": "if",
        "locations": [
          {
            "start": {
              "line": 20,
              "column": 8
            },
            "end": {
              "line": 25,
              "column": 9
            }
          },
          {
            "start": {
              "line": 23,
              "column": 15
            },
            "end": {
              "line": 25,
              "column": 9
            }
          }
        ],
        "line": 20
      },
      "2": {
        "loc": {
          "start": {
            "line": 42,
            "column": 6
          },
          "end": {
            "line": 46,
            "column": 7
          }
        },
        "type": "if",
        "locations": [
          {
            "start": {
              "line": 42,
              "column": 6
            },
            "end": {
              "line": 46,
              "column": 7
            }
          },
          {
            "start": {},
            "end": {}
          }
        ],
        "line": 42
      },
      "3": {
        "loc": {
          "start": {
            "line": 83,
            "column": 20
          },
          "end": {
            "line": 83,
            "column": 97
          }
        },
        "type": "binary-expr",
        "locations": [
          {
            "start": {
              "line": 83,
              "column": 20
            },
            "end": {
              "line": 83,
              "column": 60
            }
          },
          {
            "start": {
              "line": 83,
              "column": 64
            },
            "end": {
              "line": 83,
              "column": 97
            }
          }
        ],
        "line": 83
      },
      "4": {
        "loc": {
          "start": {
            "line": 84,
            "column": 0
          },
          "end": {
            "line": 98,
            "column": 1
          }
        },
        "type": "if",
        "locations": [
          {
            "start": {
              "line": 84,
              "column": 0
            },
            "end": {
              "line": 98,
              "column": 1
            }
          },
          {
            "start": {},
            "end": {}
          }
        ],
        "line": 84
      },
      "5": {
        "loc": {
          "start": {
            "line": 84,
            "column": 4
          },
          "end": {
            "line": 84,
            "column": 35
          }
        },
        "type": "binary-expr",
        "locations": [
          {
            "start": {
              "line": 84,
              "column": 4
            },
            "end": {
              "line": 84,
              "column": 19
            }
          },
          {
            "start": {
              "line": 84,
              "column": 23
            },
            "end": {
              "line": 84,
              "column": 35
            }
          }
        ],
        "line": 84
      },
      "6": {
        "loc": {
          "start": {
            "line": 85,
            "column": 2
          },
          "end": {
            "line": 89,
            "column": 3
          }
        },
        "type": "if",
        "locations": [
          {
            "start": {
              "line": 85,
              "column": 2
            },
            "end": {
              "line": 89,
              "column": 3
            }
          },
          {
            "start": {},
            "end": {}
          }
        ],
        "line": 85
      },
      "7": {
        "loc": {
          "start": {
            "line": 93,
            "column": 6
          },
          "end": {
            "line": 93,
            "column": 31
          }
        },
        "type": "if",
        "locations": [
          {
            "start": {
              "line": 93,
              "column": 6
            },
            "end": {
              "line": 93,
              "column": 31
            }
          },
          {
            "start": {},
            "end": {}
          }
        ],
        "line": 93
      },
      "8": {
        "loc": {
          "start": {
            "line": 95,
            "column": 6
          },
          "end": {
            "line": 95,
            "column": 75
          }
        },
        "type": "if",
        "locations": [
          {
            "start": {
              "line": 95,
              "column": 6
            },
            "end": {
              "line": 95,
              "column": 75
            }
          },
          {
            "start": {},
            "end": {}
          }
        ],
        "line": 95
      },
      "9": {
        "loc": {
          "start": {
            "line": 10,
            "column": 6
          },
          "end": {
            "line": 13,
            "column": 7
          }
        },
        "type": "if",
        "locations": [
          {
            "start": {
              "line": 10,
              "column": 6
            },
            "end": {
              "line": 13,
              "column": 7
            }
          },
          {
            "start": {},
            "end": {}
          }
        ],
        "line": 10
      },
      "10": {
        "loc": {
          "start": {
            "line": 18,
            "column": 8
          },
          "end": {
            "line": 23,
            "column": 9
          }
        },
        "type": "if",
        "locations": [
          {
            "start": {
              "line": 18,
              "column": 8
            },
            "end": {
              "line": 23,
              "column": 9
            }
          },
          {
            "start": {
              "line": 21,
              "column": 15
            },
            "end": {
              "line": 23,
              "column": 9
            }
          }
        ],
        "line": 18
      },
      "11": {
        "loc": {
          "start": {
            "line": 40,
            "column": 6
          },
          "end": {
            "line": 44,
            "column": 7
          }
        },
        "type": "if",
        "locations": [
          {
            "start": {
              "line": 40,
              "column": 6
            },
            "end": {
              "line": 44,
              "column": 7
            }
          },
          {
            "start": {},
            "end": {}
          }
        ],
        "line": 40
      }
    },
    "s": {
      "0": 4,
      "1": 4,
      "2": 4,
      "3": 43,
      "4": 43,
      "5": 0,
      "6": 0,
      "7": 43,
      "8": 0,
      "9": 0,
      "10": 0,
      "11": 0,
      "12": 0,
      "13": 0,
      "14": 0,
      "15": 0,
      "16": 0,
      "17": 0,
      "18": 0,
      "19": 0,
      "20": 0,
      "21": 43,
      "22": 43,
      "23": 43,
      "24": 0,
      "25": 0,
      "26": 0,
      "27": 0,
      "28": 0,
      "29": 0,
      "30": 0,
      "31": 0,
      "32": 43,
      "33": 43,
      "34": 43,
      "35": 0,
      "36": 0,
      "37": 0,
      "38": 0,
      "39": 43,
      "40": 43,
      "41": 0,
      "42": 43,
      "43": 0,
      "44": 0,
      "45": 4,
      "46": 4,
      "47": 4,
      "48": 4,
      "49": 4,
      "50": 4,
      "51": 0,
      "52": 4,
      "53": 4,
      "54": 4,
      "55": 0,
      "56": 0,
      "57": 0,
      "58": 0,
      "59": 0,
      "60": 4,
      "61": 4,
      "62": 43,
      "63": 43,
      "64": 0,
      "65": 4,
      "66": 4,
      "67": 4,
      "68": 4,
      "69": 0,
      "70": 0,
      "71": 0,
      "72": 0,
      "73": 0,
      "74": 0,
      "75": 0,
      "76": 0,
      "77": 0,
      "78": 0,
      "79": 0,
      "80": 0,
      "81": 0,
      "82": 4,
      "83": 4,
      "84": 0,
      "85": 0,
      "86": 0,
      "87": 0,
      "88": 0,
      "89": 0,
      "90": 0,
      "91": 0,
      "92": 0,
      "93": 4,
      "94": 4,
      "95": 0,
      "96": 0,
      "97": 0,
      "98": 0,
      "99": 0,
      "100": 4,
      "101": 4,
      "102": 4,
      "103": 0,
      "104": 4
    },
    "f": {
      "0": 0,
      "1": 0,
      "2": 0,
      "3": 0,
      "4": 0,
      "5": 0,
      "6": 4,
      "7": 0,
      "8": 4,
      "9": 4,
      "10": 0,
      "11": 0,
      "12": 0,
      "13": 0,
      "14": 0,
      "15": 0
    },
    "b": {
      "0": [
        0,
        0
      ],
      "1": [
        0,
        0
      ],
      "2": [
        0,
        0
      ],
      "3": [
        4,
        0
      ],
      "4": [
        4,
        0
      ],
      "5": [
        4,
        4
      ],
      "6": [
        0,
        4
      ],
      "7": [
        0,
        0
      ],
      "8": [
        0,
        0
      ],
      "9": [
        0,
        0
      ],
      "10": [
        0,
        0
      ],
      "11": [
        0,
        0
      ]
    },
    "inputSourceMap": {
      "version": 3,
      "mappings": "AA0FQ;;AA1FR,OAAOA,SAASC,eAAeC,UAAUC,iBAAiB;AAEnD,aAAMC,cAAcH,cAAc,IAAI;AAEtC,aAAMI,eAAeA,CAAC,EAACC,SAAQ,MAAM;AAAAC,KAAA;AACxC,QAAM,CAACC,MAAMC,OAAO,IAAIP,SAAS,IAAI;AACrC,QAAM,CAACQ,SAASC,UAAU,IAAIT,SAAS,IAAI;AAC3C,QAAM,CAACU,OAAOC,QAAQ,IAAIX,SAASY,aAAaC,QAAQ,OAAO,CAAC;AAEhEZ,YAAU,MAAM;AACZ,UAAMa,YAAY,YAAY;AAC1B,UAAI,CAACJ,OAAO;AACRD,mBAAW,KAAK;AAChB;AAAA,MACJ;AAEA,UAAI;AACA,cAAMM,WAAW,MAAMC,MAAM,8CAA8C;AAAA,UACvEC,SAAS,EAACC,eAAe,UAAUR,KAAK,GAAE;AAAA,QAC9C,CAAC;AAED,YAAIK,SAASI,IAAI;AACb,gBAAMC,OAAO,MAAML,SAASM,KAAK;AACjCd,kBAAQa,KAAKd,IAAI;AAAA,QACrB,OACK;AACDC,kBAAQ,IAAI;AAAA,QAChB;AAAA,MACJ,SACOe,OAAO;AACVC,gBAAQD,MAAM,YAAYA,KAAK;AAC/Bf,gBAAQ,IAAI;AAAA,MAChB;AAEAE,iBAAW,KAAK;AAAA,IACpB;AAEAK,cAAU;AAAA,EAEd,GAAG,CAACJ,KAAK,CAAC;AAEV,QAAMc,QAAQ,OAAOC,YAAYC,aAAa;AAC1C,QAAI;AACA,YAAMX,WAAW,MAAMC,MAAM,wCAAwC;AAAA,QACjEW,QAAQ;AAAA,QACRV,SAAS,EAAC,gBAAgB,mBAAkB;AAAA,QAC5CW,MAAMC,KAAKC,UAAU,EAACL,YAAYC,SAAQ,CAAC;AAAA,MAC/C,CAAC;AAED,YAAMN,OAAO,MAAML,SAASM,KAAK;AAEjC,UAAIN,SAASI,IAAI;AACbP,qBAAamB,QAAQ,SAASX,KAAKV,KAAK;AACxCC,iBAASS,KAAKV,KAAK;AACnBH,gBAAQa,KAAKd,IAAI;AAAA,MACrB;AAEA,aAAOc;AAAAA,IACX,SACOE,OAAO;AACVC,cAAQD,MAAM,YAAYA,KAAK;AAC/B,aAAO,EAACU,SAAS,kBAAiB;AAAA,IACtC;AAAA,EACJ;AAEA,QAAMC,WAAW,OAAOC,UAAUC,OAAOT,aAAa;AAClD,QAAI;AACA,YAAMX,WAAW,MAAMC,MAAM,2CAA2C;AAAA,QACpEW,QAAQ;AAAA,QACRV,SAAS,EAAC,gBAAgB,mBAAkB;AAAA,QAC5CW,MAAMC,KAAKC,UAAU,EAACI,UAAUC,OAAOT,SAAQ,CAAC;AAAA,MACpD,CAAC;AAED,YAAMN,OAAO,MAAML,SAASM,KAAK;AAEjC,aAAOD;AAAAA,IACX,SACOE,OAAO;AACVC,cAAQD,MAAM,YAAYA,KAAK;AAC/B,aAAO,EAACU,SAAS,kBAAiB;AAAA,IACtC;AAAA,EACJ;AAEA,QAAMI,SAASA,MAAM;AACjBxB,iBAAayB,WAAW,OAAO;AAC/B1B,aAAS,IAAI;AACbJ,YAAQ,IAAI;AAAA,EAChB;AAEA,SACI,uBAAC,YAAY,UAAZ,EAAqB,OAAS,EAACD,MAAMI,OAAOF,SAASgB,OAAOS,UAAUG,QAAQE,QAAQ,CAAC,CAAChC,KAAI,GACxFF,YADL;AAAA;AAAA;AAAA;AAAA,SAEA;AAER;AAACC,GA1FYF,cAAY;AAAAoC,KAAZpC;AAAY,IAAAoC;AAAAC,aAAAD,IAAA",
      "names": [
        "React",
        "createContext",
        "useState",
        "useEffect",
        "AuthContext",
        "AuthProvider",
        "children",
        "_s",
        "user",
        "setUser",
        "loading",
        "setLoading",
        "token",
        "setToken",
        "localStorage",
        "getItem",
        "fetchUser",
        "response",
        "fetch",
        "headers",
        "Authorization",
        "ok",
        "data",
        "json",
        "error",
        "console",
        "login",
        "identifier",
        "password",
        "method",
        "body",
        "JSON",
        "stringify",
        "setItem",
        "message",
        "register",
        "username",
        "email",
        "logout",
        "removeItem",
        "isAuth",
        "_c",
        "$RefreshReg$"
      ],
      "ignoreList": [],
      "sources": [
        "C:/Users/Lenovo/Desktop/React/LangView/my-app/frontend/src/context/AuthContext.jsx"
      ],
      "file": "C:/Users/Lenovo/Desktop/React/LangView/my-app/frontend/src/context/AuthContext.jsx"
    },
    "_coverageSchema": "1a1c01bbd47fc00a2c39e90264f33305004495a9",
    "hash": "33405b2ff8000599f5b0885404b65010cc993434"
  },
  "C:/Users/Lenovo/Desktop/React/LangView/my-app/frontend/src/pages/SignUpPage/SignUpPage.jsx": {
    "path": "C:/Users/Lenovo/Desktop/React/LangView/my-app/frontend/src/pages/SignUpPage/SignUpPage.jsx",
    "statementMap": {
      "0": {
        "start": {
          "line": 2,
          "column": 9
        },
        "end": {
          "line": 2,
          "column": 23
        }
      },
      "1": {
        "start": {
          "line": 9,
          "column": 2
        },
        "end": {
          "line": 9,
          "column": 7
        }
      },
      "2": {
        "start": {
          "line": 10,
          "column": 34
        },
        "end": {
          "line": 10,
          "column": 46
        }
      },
      "3": {
        "start": {
          "line": 11,
          "column": 28
        },
        "end": {
          "line": 11,
          "column": 40
        }
      },
      "4": {
        "start": {
          "line": 12,
          "column": 34
        },
        "end": {
          "line": 12,
          "column": 46
        }
      },
      "5": {
        "start": {
          "line": 13,
          "column": 28
        },
        "end": {
          "line": 13,
          "column": 40
        }
      },
      "6": {
        "start": {
          "line": 14,
          "column": 23
        },
        "end": {
          "line": 14,
          "column": 46
        }
      },
      "7": {
        "start": {
          "line": 15,
          "column": 19
        },
        "end": {
          "line": 15,
          "column": 32
        }
      },
      "8": {
        "start": {
          "line": 16,
          "column": 22
        },
        "end": {
          "line": 27,
          "column": 3
        }
      },
      "9": {
        "start": {
          "line": 17,
          "column": 4
        },
        "end": {
          "line": 20,
          "column": 5
        }
      },
      "10": {
        "start": {
          "line": 18,
          "column": 6
        },
        "end": {
          "line": 18,
          "column": 37
        }
      },
      "11": {
        "start": {
          "line": 19,
          "column": 6
        },
        "end": {
          "line": 19,
          "column": 13
        }
      },
      "12": {
        "start": {
          "line": 21,
          "column": 17
        },
        "end": {
          "line": 21,
          "column": 58
        }
      },
      "13": {
        "start": {
          "line": 22,
          "column": 4
        },
        "end": {
          "line": 26,
          "column": 5
        }
      },
      "14": {
        "start": {
          "line": 23,
          "column": 6
        },
        "end": {
          "line": 23,
          "column": 25
        }
      },
      "15": {
        "start": {
          "line": 25,
          "column": 6
        },
        "end": {
          "line": 25,
          "column": 50
        }
      },
      "16": {
        "start": {
          "line": 28,
          "column": 2
        },
        "end": {
          "line": 125,
          "column": 11
        }
      },
      "17": {
        "start": {
          "line": 41,
          "column": 31
        },
        "end": {
          "line": 41,
          "column": 62
        }
      },
      "18": {
        "start": {
          "line": 58,
          "column": 31
        },
        "end": {
          "line": 58,
          "column": 59
        }
      },
      "19": {
        "start": {
          "line": 75,
          "column": 31
        },
        "end": {
          "line": 75,
          "column": 62
        }
      },
      "20": {
        "start": {
          "line": 127,
          "column": 0
        },
        "end": {
          "line": 129,
          "column": 3
        }
      },
      "21": {
        "start": {
          "line": 128,
          "column": 2
        },
        "end": {
          "line": 128,
          "column": 23
        }
      },
      "22": {
        "start": {
          "line": 130,
          "column": 0
        },
        "end": {
          "line": 130,
          "column": 16
        }
      },
      "23": {
        "start": {
          "line": 133,
          "column": 0
        },
        "end": {
          "line": 133,
          "column": 31
        }
      },
      "24": {
        "start": {
          "line": 135,
          "column": 20
        },
        "end": {
          "line": 135,
          "column": 97
        }
      },
      "25": {
        "start": {
          "line": 136,
          "column": 0
        },
        "end": {
          "line": 150,
          "column": 1
        }
      },
      "26": {
        "start": {
          "line": 137,
          "column": 2
        },
        "end": {
          "line": 141,
          "column": 3
        }
      },
      "27": {
        "start": {
          "line": 138,
          "column": 4
        },
        "end": {
          "line": 140,
          "column": 6
        }
      },
      "28": {
        "start": {
          "line": 142,
          "column": 2
        },
        "end": {
          "line": 149,
          "column": 5
        }
      },
      "29": {
        "start": {
          "line": 143,
          "column": 4
        },
        "end": {
          "line": 143,
          "column": 160
        }
      },
      "30": {
        "start": {
          "line": 144,
          "column": 4
        },
        "end": {
          "line": 148,
          "column": 7
        }
      },
      "31": {
        "start": {
          "line": 145,
          "column": 6
        },
        "end": {
          "line": 145,
          "column": 31
        }
      },
      "32": {
        "start": {
          "line": 145,
          "column": 24
        },
        "end": {
          "line": 145,
          "column": 31
        }
      },
      "33": {
        "start": {
          "line": 146,
          "column": 32
        },
        "end": {
          "line": 146,
          "column": 209
        }
      },
      "34": {
        "start": {
          "line": 147,
          "column": 6
        },
        "end": {
          "line": 147,
          "column": 75
        }
      },
      "35": {
        "start": {
          "line": 147,
          "column": 29
        },
        "end": {
          "line": 147,
          "column": 75
        }
      },
      "36": {
        "start": {
          "line": 152,
          "column": 2
        },
        "end": {
          "line": 152,
          "column": 139
        }
      },
      "37": {
        "start": {
          "line": 155,
          "column": 2
        },
        "end": {
          "line": 155,
          "column": 62
        }
      },
      "38": {
        "start": {
          "line": 8,
          "column": 34
        },
        "end": {
          "line": 8,
          "column": 46
        }
      },
      "39": {
        "start": {
          "line": 9,
          "column": 28
        },
        "end": {
          "line": 9,
          "column": 40
        }
      },
      "40": {
        "start": {
          "line": 12,
          "column": 23
        },
        "end": {
          "line": 12,
          "column": 46
        }
      },
      "41": {
        "start": {
          "line": 13,
          "column": 19
        },
        "end": {
          "line": 13,
          "column": 32
        }
      },
      "42": {
        "start": {
          "line": 14,
          "column": 22
        },
        "end": {
          "line": 25,
          "column": 3
        }
      },
      "43": {
        "start": {
          "line": 15,
          "column": 4
        },
        "end": {
          "line": 18,
          "column": 5
        }
      },
      "44": {
        "start": {
          "line": 16,
          "column": 6
        },
        "end": {
          "line": 16,
          "column": 37
        }
      },
      "45": {
        "start": {
          "line": 17,
          "column": 6
        },
        "end": {
          "line": 17,
          "column": 13
        }
      },
      "46": {
        "start": {
          "line": 19,
          "column": 17
        },
        "end": {
          "line": 19,
          "column": 58
        }
      },
      "47": {
        "start": {
          "line": 20,
          "column": 4
        },
        "end": {
          "line": 24,
          "column": 5
        }
      },
      "48": {
        "start": {
          "line": 21,
          "column": 6
        },
        "end": {
          "line": 21,
          "column": 25
        }
      },
      "49": {
        "start": {
          "line": 23,
          "column": 6
        },
        "end": {
          "line": 23,
          "column": 50
        }
      },
      "50": {
        "start": {
          "line": 26,
          "column": 2
        },
        "end": {
          "line": 123,
          "column": 11
        }
      },
      "51": {
        "start": {
          "line": 39,
          "column": 31
        },
        "end": {
          "line": 39,
          "column": 62
        }
      },
      "52": {
        "start": {
          "line": 56,
          "column": 31
        },
        "end": {
          "line": 56,
          "column": 59
        }
      },
      "53": {
        "start": {
          "line": 73,
          "column": 31
        },
        "end": {
          "line": 73,
          "column": 62
        }
      }
    },
    "fnMap": {
      "0": {
        "name": "SignUpPage",
        "decl": {
          "start": {
            "line": 8,
            "column": 16
          },
          "end": {
            "line": 8,
            "column": 26
          }
        },
        "loc": {
          "start": {
            "line": 8,
            "column": 29
          },
          "end": {
            "line": 126,
            "column": 1
          }
        },
        "line": 8
      },
      "1": {
        "name": "(anonymous_1)",
        "decl": {
          "start": {
            "line": 16,
            "column": 22
          },
          "end": {
            "line": 16,
            "column": 23
          }
        },
        "loc": {
          "start": {
            "line": 16,
            "column": 34
          },
          "end": {
            "line": 27,
            "column": 3
          }
        },
        "line": 16
      },
      "2": {
        "name": "(anonymous_2)",
        "decl": {
          "start": {
            "line": 41,
            "column": 20
          },
          "end": {
            "line": 41,
            "column": 21
          }
        },
        "loc": {
          "start": {
            "line": 41,
            "column": 31
          },
          "end": {
            "line": 41,
            "column": 62
          }
        },
        "line": 41
      },
      "3": {
        "name": "(anonymous_3)",
        "decl": {
          "start": {
            "line": 58,
            "column": 20
          },
          "end": {
            "line": 58,
            "column": 21
          }
        },
        "loc": {
          "start": {
            "line": 58,
            "column": 31
          },
          "end": {
            "line": 58,
            "column": 59
          }
        },
        "line": 58
      },
      "4": {
        "name": "(anonymous_4)",
        "decl": {
          "start": {
            "line": 75,
            "column": 20
          },
          "end": {
            "line": 75,
            "column": 21
          }
        },
        "loc": {
          "start": {
            "line": 75,
            "column": 31
          },
          "end": {
            "line": 75,
            "column": 62
          }
        },
        "line": 75
      },
      "5": {
        "name": "(anonymous_5)",
        "decl": {
          "start": {
            "line": 127,
            "column": 54
          },
          "end": {
            "line": 127,
            "column": 55
          }
        },
        "loc": {
          "start": {
            "line": 127,
            "column": 65
          },
          "end": {
            "line": 129,
            "column": 1
          }
        },
        "line": 127
      },
      "6": {
        "name": "(anonymous_6)",
        "decl": {
          "start": {
            "line": 142,
            "column": 52
          },
          "end": {
            "line": 142,
            "column": 53
          }
        },
        "loc": {
          "start": {
            "line": 142,
            "column": 72
          },
          "end": {
            "line": 149,
            "column": 3
          }
        },
        "line": 142
      },
      "7": {
        "name": "(anonymous_7)",
        "decl": {
          "start": {
            "line": 144,
            "column": 27
          },
          "end": {
            "line": 144,
            "column": 28
          }
        },
        "loc": {
          "start": {
            "line": 144,
            "column": 44
          },
          "end": {
            "line": 148,
            "column": 5
          }
        },
        "line": 144
      },
      "8": {
        "name": "$RefreshReg$",
        "decl": {
          "start": {
            "line": 151,
            "column": 9
          },
          "end": {
            "line": 151,
            "column": 21
          }
        },
        "loc": {
          "start": {
            "line": 151,
            "column": 32
          },
          "end": {
            "line": 153,
            "column": 1
          }
        },
        "line": 151
      },
      "9": {
        "name": "$RefreshSig$",
        "decl": {
          "start": {
            "line": 154,
            "column": 9
          },
          "end": {
            "line": 154,
            "column": 21
          }
        },
        "loc": {
          "start": {
            "line": 154,
            "column": 24
          },
          "end": {
            "line": 156,
            "column": 1
          }
        },
        "line": 154
      },
      "10": {
        "name": "SignUpPage",
        "decl": {
          "start": {
            "line": 7,
            "column": 16
          },
          "end": {
            "line": 7,
            "column": 26
          }
        },
        "loc": {
          "start": {
            "line": 7,
            "column": 29
          },
          "end": {
            "line": 124,
            "column": 1
          }
        },
        "line": 7
      },
      "11": {
        "name": "(anonymous_1)",
        "decl": {
          "start": {
            "line": 14,
            "column": 22
          },
          "end": {
            "line": 14,
            "column": 23
          }
        },
        "loc": {
          "start": {
            "line": 14,
            "column": 34
          },
          "end": {
            "line": 25,
            "column": 3
          }
        },
        "line": 14
      },
      "12": {
        "name": "(anonymous_2)",
        "decl": {
          "start": {
            "line": 39,
            "column": 20
          },
          "end": {
            "line": 39,
            "column": 21
          }
        },
        "loc": {
          "start": {
            "line": 39,
            "column": 31
          },
          "end": {
            "line": 39,
            "column": 62
          }
        },
        "line": 39
      },
      "13": {
        "name": "(anonymous_3)",
        "decl": {
          "start": {
            "line": 56,
            "column": 20
          },
          "end": {
            "line": 56,
            "column": 21
          }
        },
        "loc": {
          "start": {
            "line": 56,
            "column": 31
          },
          "end": {
            "line": 56,
            "column": 59
          }
        },
        "line": 56
      },
      "14": {
        "name": "(anonymous_4)",
        "decl": {
          "start": {
            "line": 73,
            "column": 20
          },
          "end": {
            "line": 73,
            "column": 21
          }
        },
        "loc": {
          "start": {
            "line": 73,
            "column": 31
          },
          "end": {
            "line": 73,
            "column": 62
          }
        },
        "line": 73
      }
    },
    "branchMap": {
      "0": {
        "loc": {
          "start": {
            "line": 17,
            "column": 4
          },
          "end": {
            "line": 20,
            "column": 5
          }
        },
        "type": "if",
        "locations": [
          {
            "start": {
              "line": 17,
              "column": 4
            },
            "end": {
              "line": 20,
              "column": 5
            }
          },
          {
            "start": {},
            "end": {}
          }
        ],
        "line": 17
      },
      "1": {
        "loc": {
          "start": {
            "line": 17,
            "column": 8
          },
          "end": {
            "line": 17,
            "column": 40
          }
        },
        "type": "binary-expr",
        "locations": [
          {
            "start": {
              "line": 17,
              "column": 8
            },
            "end": {
              "line": 17,
              "column": 17
            }
          },
          {
            "start": {
              "line": 17,
              "column": 21
            },
            "end": {
              "line": 17,
              "column": 27
            }
          },
          {
            "start": {
              "line": 17,
              "column": 31
            },
            "end": {
              "line": 17,
              "column": 40
            }
          }
        ],
        "line": 17
      },
      "2": {
        "loc": {
          "start": {
            "line": 22,
            "column": 4
          },
          "end": {
            "line": 26,
            "column": 5
          }
        },
        "type": "if",
        "locations": [
          {
            "start": {
              "line": 22,
              "column": 4
            },
            "end": {
              "line": 26,
              "column": 5
            }
          },
          {
            "start": {
              "line": 24,
              "column": 11
            },
            "end": {
              "line": 26,
              "column": 5
            }
          }
        ],
        "line": 22
      },
      "3": {
        "loc": {
          "start": {
            "line": 25,
            "column": 15
          },
          "end": {
            "line": 25,
            "column": 48
          }
        },
        "type": "binary-expr",
        "locations": [
          {
            "start": {
              "line": 25,
              "column": 15
            },
            "end": {
              "line": 25,
              "column": 27
            }
          },
          {
            "start": {
              "line": 25,
              "column": 31
            },
            "end": {
              "line": 25,
              "column": 48
            }
          }
        ],
        "line": 25
      },
      "4": {
        "loc": {
          "start": {
            "line": 91,
            "column": 6
          },
          "end": {
            "line": 95,
            "column": 14
          }
        },
        "type": "binary-expr",
        "locations": [
          {
            "start": {
              "line": 91,
              "column": 6
            },
            "end": {
              "line": 91,
              "column": 11
            }
          },
          {
            "start": {
              "line": 91,
              "column": 31
            },
            "end": {
              "line": 95,
              "column": 14
            }
          }
        ],
        "line": 91
      },
      "5": {
        "loc": {
          "start": {
            "line": 135,
            "column": 20
          },
          "end": {
            "line": 135,
            "column": 97
          }
        },
        "type": "binary-expr",
        "locations": [
          {
            "start": {
              "line": 135,
              "column": 20
            },
            "end": {
              "line": 135,
              "column": 60
            }
          },
          {
            "start": {
              "line": 135,
              "column": 64
            },
            "end": {
              "line": 135,
              "column": 97
            }
          }
        ],
        "line": 135
      },
      "6": {
        "loc": {
          "start": {
            "line": 136,
            "column": 0
          },
          "end": {
            "line": 150,
            "column": 1
          }
        },
        "type": "if",
        "locations": [
          {
            "start": {
              "line": 136,
              "column": 0
            },
            "end": {
              "line": 150,
              "column": 1
            }
          },
          {
            "start": {},
            "end": {}
          }
        ],
        "line": 136
      },
      "7": {
        "loc": {
          "start": {
            "line": 136,
            "column": 4
          },
          "end": {
            "line": 136,
            "column": 35
          }
        },
        "type": "binary-expr",
        "locations": [
          {
            "start": {
              "line": 136,
              "column": 4
            },
            "end": {
              "line": 136,
              "column": 19
            }
          },
          {
            "start": {
              "line": 136,
              "column": 23
            },
            "end": {
              "line": 136,
              "column": 35
            }
          }
        ],
        "line": 136
      },
      "8": {
        "loc": {
          "start": {
            "line": 137,
            "column": 2
          },
          "end": {
            "line": 141,
            "column": 3
          }
        },
        "type": "if",
        "locations": [
          {
            "start": {
              "line": 137,
              "column": 2
            },
            "end": {
              "line": 141,
              "column": 3
            }
          },
          {
            "start": {},
            "end": {}
          }
        ],
        "line": 137
      },
      "9": {
        "loc": {
          "start": {
            "line": 145,
            "column": 6
          },
          "end": {
            "line": 145,
            "column": 31
          }
        },
        "type": "if",
        "locations": [
          {
            "start": {
              "line": 145,
              "column": 6
            },
            "end": {
              "line": 145,
              "column": 31
            }
          },
          {
            "start": {},
            "end": {}
          }
        ],
        "line": 145
      },
      "10": {
        "loc": {
          "start": {
            "line": 147,
            "column": 6
          },
          "end": {
            "line": 147,
            "column": 75
          }
        },
        "type": "if",
        "locations": [
          {
            "start": {
              "line": 147,
              "column": 6
            },
            "end": {
              "line": 147,
              "column": 75
            }
          },
          {
            "start": {},
            "end": {}
          }
        ],
        "line": 147
      },
      "11": {
        "loc": {
          "start": {
            "line": 15,
            "column": 4
          },
          "end": {
            "line": 18,
            "column": 5
          }
        },
        "type": "if",
        "locations": [
          {
            "start": {
              "line": 15,
              "column": 4
            },
            "end": {
              "line": 18,
              "column": 5
            }
          },
          {
            "start": {},
            "end": {}
          }
        ],
        "line": 15
      },
      "12": {
        "loc": {
          "start": {
            "line": 15,
            "column": 8
          },
          "end": {
            "line": 15,
            "column": 40
          }
        },
        "type": "binary-expr",
        "locations": [
          {
            "start": {
              "line": 15,
              "column": 8
            },
            "end": {
              "line": 15,
              "column": 17
            }
          },
          {
            "start": {
              "line": 15,
              "column": 21
            },
            "end": {
              "line": 15,
              "column": 27
            }
          },
          {
            "start": {
              "line": 15,
              "column": 31
            },
            "end": {
              "line": 15,
              "column": 40
            }
          }
        ],
        "line": 15
      },
      "13": {
        "loc": {
          "start": {
            "line": 20,
            "column": 4
          },
          "end": {
            "line": 24,
            "column": 5
          }
        },
        "type": "if",
        "locations": [
          {
            "start": {
              "line": 20,
              "column": 4
            },
            "end": {
              "line": 24,
              "column": 5
            }
          },
          {
            "start": {
              "line": 22,
              "column": 11
            },
            "end": {
              "line": 24,
              "column": 5
            }
          }
        ],
        "line": 20
      },
      "14": {
        "loc": {
          "start": {
            "line": 23,
            "column": 15
          },
          "end": {
            "line": 23,
            "column": 48
          }
        },
        "type": "binary-expr",
        "locations": [
          {
            "start": {
              "line": 23,
              "column": 15
            },
            "end": {
              "line": 23,
              "column": 27
            }
          },
          {
            "start": {
              "line": 23,
              "column": 31
            },
            "end": {
              "line": 23,
              "column": 48
            }
          }
        ],
        "line": 23
      },
      "15": {
        "loc": {
          "start": {
            "line": 89,
            "column": 6
          },
          "end": {
            "line": 93,
            "column": 14
          }
        },
        "type": "binary-expr",
        "locations": [
          {
            "start": {
              "line": 89,
              "column": 6
            },
            "end": {
              "line": 89,
              "column": 11
            }
          },
          {
            "start": {
              "line": 89,
              "column": 31
            },
            "end": {
              "line": 93,
              "column": 14
            }
          }
        ],
        "line": 89
      }
    },
    "s": {
      "0": 4,
      "1": 68,
      "2": 136,
      "3": 136,
      "4": 136,
      "5": 68,
      "6": 136,
      "7": 73,
      "8": 68,
      "9": 73,
      "10": 71,
      "11": 71,
      "12": 4,
      "13": 2,
      "14": 2,
      "15": 0,
      "16": 68,
      "17": 84,
      "18": 94,
      "19": 80,
      "20": 4,
      "21": 4,
      "22": 4,
      "23": 4,
      "24": 4,
      "25": 4,
      "26": 4,
      "27": 0,
      "28": 4,
      "29": 4,
      "30": 4,
      "31": 0,
      "32": 0,
      "33": 0,
      "34": 0,
      "35": 0,
      "36": 4,
      "37": 4,
      "38": 68,
      "39": 68,
      "40": 68,
      "41": 68,
      "42": 68,
      "43": 5,
      "44": 3,
      "45": 8,
      "46": 7,
      "47": 70,
      "48": 70,
      "49": 2,
      "50": 68,
      "51": 84,
      "52": 94,
      "53": 80
    },
    "f": {
      "0": 68,
      "1": 73,
      "2": 84,
      "3": 94,
      "4": 80,
      "5": 4,
      "6": 4,
      "7": 0,
      "8": 4,
      "9": 4,
      "10": 68,
      "11": 73,
      "12": 84,
      "13": 94,
      "14": 80
    },
    "b": {
      "0": [
        3,
        2
      ],
      "1": [
        8,
        4,
        2
      ],
      "2": [
        2,
        0
      ],
      "3": [
        0,
        0
      ],
      "4": [
        68,
        3
      ],
      "5": [
        4,
        0
      ],
      "6": [
        4,
        0
      ],
      "7": [
        4,
        4
      ],
      "8": [
        0,
        4
      ],
      "9": [
        0,
        0
      ],
      "10": [
        0,
        0
      ],
      "11": [
        3,
        2
      ],
      "12": [
        5,
        2,
        2
      ],
      "13": [
        2,
        0
      ],
      "14": [
        2,
        0
      ],
      "15": [
        68,
        3
      ]
    },
    "inputSourceMap": {
      "version": 3,
      "mappings": "AAgCQ,mBAGY,cAHZ;;AAhCR,SAAQA,OAAOC,UAAUC,kBAAiB;AAC1C,OAAOC,YAAY;AACnB,OAAOC,gBAAgB;AACvB,SAASC,MAAMC,mBAAmB;AAClC,SAASC,mBAAmB;AAErB,gBAASC,aAAa;AAAAC,KAAA;AACzB,QAAM,CAACC,UAAUC,WAAW,IAAIV,SAAS,EAAE;AAC3C,QAAM,CAACW,OAAOC,QAAQ,IAAIZ,SAAS,EAAE;AACrC,QAAM,CAACa,UAAUC,WAAW,IAAId,SAAS,EAAE;AAC3C,QAAM,CAACe,OAAOC,QAAQ,IAAIhB,SAAS,EAAE;AACrC,QAAM,EAACiB,SAAQ,IAAIhB,WAAWK,WAAW;AACzC,QAAMY,WAAWb,YAAY;AAE7B,QAAMc,cAAc,YAAY;AAE5B,QAAI,CAACV,YAAY,CAACE,SAAS,CAACE,UAAU;AAClCG,eAAS,oBAAoB;AAC7B;AAAA,IACJ;AAEA,UAAMI,OAAO,MAAMH,SAASR,UAAUE,OAAOE,QAAQ;AAErD,QAAIO,KAAKC,MAAM;AACXH,eAAS,QAAQ;AAAA,IACrB,OAEK;AACDF,eAASI,KAAKE,WAAW,iBAAiB;AAAA,IAC9C;AAAA,EACJ;AACA,SACI,mCACI,iCAAC,SAAI,WAAWpB,OAAOqB,eACnB,iCAAC,SAAI,WAAWrB,OAAOsB,kBACnB;AAAA,2BAAC,QAAG,WAAWtB,OAAOuB,OAAO,iCAA7B;AAAA;AAAA;AAAA;AAAA,WAA8C;AAAA,IAC9C,uBAAC,SAAI,WAAWvB,OAAOwB,kBACnB;AAAA;AAAA,QAAC;AAAA;AAAA,UAAM,MAAK;AAAA,UAAO,aAAY;AAAA,UAAmB,OAAOjB;AAAAA,UACzD,UAAU,CAACkB,UAAUjB,YAAYiB,MAAMC,OAAOC,KAAK;AAAA;AAAA,QADnD;AAAA;AAAA;AAAA;AAAA;AAAA;AAAA;AAAA;AAAA,MACqD;AAAA,MAErD;AAAA,QAAC;AAAA;AAAA,UAAM,MAAK;AAAA,UAAQ,aAAY;AAAA,UAAQ,OAAOlB;AAAAA,UAC/C,UAAU,CAACgB,UAAUf,SAASe,MAAMC,OAAOC,KAAK;AAAA;AAAA,QADhD;AAAA;AAAA;AAAA;AAAA;AAAA;AAAA;AAAA;AAAA,MACkD;AAAA,MAElD;AAAA,QAAC;AAAA;AAAA,UAAM,MAAK;AAAA,UAAW,aAAY;AAAA,UAAS,OAAOhB;AAAAA,UACnD,UAAU,CAACc,UAAUb,YAAYa,MAAMC,OAAOC,KAAK;AAAA;AAAA,QADnD;AAAA;AAAA;AAAA;AAAA;AAAA;AAAA;AAAA;AAAA,MACqD;AAAA,MAErD,uBAAC,cAAW,SAASV,aAAa,+BAAlC;AAAA;AAAA;AAAA;AAAA,aAAiD;AAAA,MAEhDJ,SAAS,uBAAC,OAAE,WAAWb,OAAO4B,cAAef,mBAApC;AAAA;AAAA;AAAA;AAAA,aAA0C;AAAA,MAEpD,uBAAC,OAAE,WAAWb,OAAO6B,OAAO;AAAA;AAAA,QAAU,uBAAC,QAAK,IAAG,UAAS,6BAAlB;AAAA;AAAA;AAAA;AAAA,eAA+B;AAAA,WAArE;AAAA;AAAA;AAAA;AAAA,aAA4E;AAAA,SAdhF;AAAA;AAAA;AAAA;AAAA,WAeA;AAAA,OAjBJ;AAAA;AAAA;AAAA;AAAA,SAkBA,KAnBJ;AAAA;AAAA;AAAA;AAAA,SAoBA,KArBJ;AAAA;AAAA;AAAA;AAAA,SAsBA;AAER;AAACvB,GAlDeD,YAAU;AAAA,UAMLF,WAAW;AAAA;AAAA2B,KANhBzB;AAoDhB,eAAeA;AAAU,IAAAyB;AAAAC,aAAAD,IAAA",
      "names": [
        "React",
        "useState",
        "useContext",
        "styles",
        "AuthButton",
        "Link",
        "useNavigate",
        "AuthContext",
        "SignUpPage",
[...]
          "end": {
            "line": 126,
            "column": 16
          }
        },
        "type": "binary-expr",
        "locations": [
          {
            "start": {
              "line": 122,
              "column": 8
            },
            "end": {
              "line": 122,
              "column": 16
            }
          },
          {
            "start": {
              "line": 122,
              "column": 36
            },
            "end": {
              "line": 126,
              "column": 16
            }
          }
        ],
        "line": 122
      },
      "12": {
        "loc": {
          "start": {
            "line": 128,
            "column": 10
          },
          "end": {
            "line": 148,
            "column": 18
          }
        },
        "type": "binary-expr",
        "locations": [
          {
            "start": {
              "line": 128,
              "column": 10
            },
            "end": {
              "line": 128,
              "column": 25
            }
          },
          {
            "start": {
              "line": 128,
              "column": 45
            },
            "end": {
              "line": 148,
              "column": 18
            }
          }
        ],
        "line": 128
      },
      "13": {
        "loc": {
          "start": {
            "line": 149,
            "column": 10
          },
          "end": {
            "line": 164,
            "column": 18
          }
        },
        "type": "binary-expr",
        "locations": [
          {
            "start": {
              "line": 149,
              "column": 10
            },
            "end": {
              "line": 149,
              "column": 24
            }
          },
          {
            "start": {
              "line": 149,
              "column": 44
            },
            "end": {
              "line": 164,
              "column": 18
            }
          }
        ],
        "line": 149
      },
      "14": {
        "loc": {
          "start": {
            "line": 165,
            "column": 10
          },
          "end": {
            "line": 169,
            "column": 18
          }
        },
        "type": "binary-expr",
        "locations": [
          {
            "start": {
              "line": 165,
              "column": 10
            },
            "end": {
              "line": 165,
              "column": 23
            }
          },
          {
            "start": {
              "line": 165,
              "column": 43
            },
            "end": {
              "line": 169,
              "column": 18
            }
          }
        ],
        "line": 165
      }
    },
    "s": {
      "0": 6,
      "1": 6,
      "2": 6,
      "3": 6,
      "4": 6,
      "5": 6,
      "6": 6,
      "7": 6,
      "8": 6,
      "9": 6,
      "10": 6,
      "11": 6,
      "12": 4,
      "13": 0,
      "14": 6,
      "15": 2,
      "16": 0,
      "17": 0,
      "18": 2,
      "19": 0,
      "20": 6,
      "21": 2,
      "22": 6,
      "23": 0,
      "24": 6,
      "25": 0,
      "26": 0,
      "27": 6,
      "28": 0,
      "29": 0,
      "30": 6,
      "31": 0,
      "32": 0,
      "33": 6,
      "34": 0,
      "35": 0,
      "36": 0,
      "37": 0,
      "38": 0,
      "39": 0,
      "40": 0,
      "41": 0,
      "42": 0,
      "43": 0,
      "44": 0,
      "45": 0,
      "46": 0,
      "47": 6,
      "48": 2,
      "49": 4
    },
    "f": {
      "0": 6,
      "1": 4,
      "2": 2,
      "3": 0,
      "4": 0,
      "5": 0,
      "6": 2,
      "7": 0,
      "8": 0,
      "9": 0,
      "10": 0,
      "11": 0,
      "12": 0,
      "13": 0,
      "14": 0,
      "15": 0
    },
    "b": {
      "0": [
        4,
        2
      ],
      "1": [
        6,
        4
      ],
      "2": [
        4,
        2
      ],
      "3": [
        6,
        4
      ],
      "4": [
        0,
        4
      ],
      "5": [
        0,
        0
      ],
      "6": [
        0,
        0
      ],
      "7": [
        0,
        0
      ],
      "8": [
        2,
        4
      ],
      "9": [
        4,
        4,
        0
      ],
      "10": [
        4,
        0
      ],
      "11": [
        4,
        4
      ],
      "12": [
        4,
        4
      ],
      "13": [
        4,
        0
      ],
      "14": [
        4,
        2
      ]
    },
    "inputSourceMap": {
      "version": 3,
      "sources": [
        "C:/Users/Lenovo/Desktop/React/LangView/my-app/frontend/src/pages/TestPage/TestPage.jsx"
      ],
      "mappings": "AAqHe,SAmBqB,UAnBrB;AArHf,OAAO,SAAS,UAAU,WAAW,kBAAkB;AACvD,OAAO,YAAY;AACnB,SAAS,kBAAkB;AAC3B,SAAS,oBAAoB;AAC7B,SAAS,wBAAwB;AACjC,SAAS,0BAA0B;AACnC,SAAS,0BAA0B;AACnC,SAAS,0BAA0B;AACnC,SAAS,qBAAqB;AAC9B,SAAS,gBAAgB;AACzB,SAAS,mBAAmB;AAGrB,gBAAS,WAAW;AACvB,QAAM,CAAC,eAAe,gBAAgB,IAAI,SAAS,KAAK;AACxD,QAAM,CAAC,mBAAmB,oBAAoB,IAAI,SAAS,CAAC;AAC5D,QAAM,CAAC,SAAS,UAAU,IAAI,SAAS,CAAC,CAAC;AACzC,QAAM,CAAC,aAAa,cAAc,IAAI,SAAS,CAAC;AAEhD,QAAM,gBAAgB;AAEtB,QAAM,EAAC,KAAI,IAAI,WAAW,WAAW;AAErC,QAAM,EAAC,MAAM,UAAU,SAAS,iBAAiB,MAAK,IAAI,SAAS,iBAAiB,iBAAiB,EAAE;AACvG,QAAM,EAAC,MAAM,UAAU,SAAS,aAAa,UAAS,IAAI,SAAS,4BAA4B,KAAK,QAAQ,EAAE;AAE9G,QAAM,gBAAgB,YAAY,SAAS,kBAAkB,SAAS,kBAAkB;AACxF,QAAM,gBAAgB,YAAY,SAAS,gBAAgB,SAAS,gBAAgB;AAEpF,QAAM,iBAAiB,sBAAsB;AAE7C,YAAU,MAAM;AACZ,QAAI,UAAU,cAAc;AACxB,qBAAe,SAAS,YAAY;AAAA,IACxC;AAAA,EACJ,GAAG,CAAC,QAAQ,CAAC;AAGb,YAAU,MAAM;AACZ,UAAM,QAAQ,YAAY,MAAM;AAC5B,qBAAe,UAAQ,OAAO,CAAC;AAAA,IACnC,GAAG,GAAI;AAEP,WAAO,MAAM,cAAc,KAAK;AAAA,EACpC,GAAG,CAAC,CAAC;AAEL,QAAM,mBAAmB,MAAM;AAC3B,qBAAiB,IAAI;AAAA,EACzB;AAEA,QAAM,mBAAmB,MAAM;AAC3B,qBAAiB,KAAK;AAAA,EAC1B;AAEA,QAAM,qBAAqB,MAAM;AAC7B,yBAAqB,UAAQ,OAAO,CAAC;AAAA,EACzC;AAEA,QAAM,yBAAyB,MAAM;AACjC,yBAAqB,UAAQ,OAAO,IAAI,OAAO,IAAI,CAAC;AAAA,EACxD;AAEA,QAAM,qBAAqB,CAAC,gBAAgB;AACxC,eAAW,WAAS,EAAC,GAAG,MAAM,CAAC,iBAAiB,GAAG,YAAW,EAAE;AAAA,EACpE;AAEA,QAAM,mBAAmB,YAAY;AACjC,QAAI,aAAa;AACb;AAAA,IACJ;AAEA,QAAI;AACA,YAAM,eAAe,OAAO,QAAQ,OAAO,EAAE,IAAI,CAAC,CAAC,KAAK,QAAQ,OAAO;AAAA,QACnE,aAAa,OAAO,GAAG;AAAA,QACvB,iBAAiB;AAAA,MACrB,EAAE;AAEF,YAAM,WAAW,gBAAgB;AAEjC,YAAM,MAAM,MAAM,MAAM,oBAAoB;AAAA,QACxC,QAAQ;AAAA,QAER,SAAS;AAAA,UACL,gBAAgB;AAAA,QACpB;AAAA,QAEA,MAAM,KAAK,UAAU;AAAA,UACjB,WAAW,KAAK;AAAA,UAChB,SAAS;AAAA,UACT,SAAS;AAAA,UACT;AAAA,UACA,cAAc;AAAA,QAClB,CAAC;AAAA,MACL,CAAC;AACD,UAAI,CAAC,IAAI,IAAI;AACT,cAAM,IAAI,MAAM,6BAA6B;AAAA,MACjD;AAEA,YAAM,OAAO,MAAM,IAAI,KAAK;AAE5B,oBAAc;AAAA,QACV,OAAO,KAAK;AAAA,QACZ,cAAc,KAAK;AAAA,QACnB,SAAS,KAAK;AAAA,QACd,eAAe,KAAK;AAAA,MACxB,CAAC;AAED,aAAO;AAAA,IACX,SAEOA,QAAO;AACV,cAAQ,MAAMA,MAAK;AAAA,IACvB;AAAA,EACJ;AAGA,MAAI,aAAa;AACb,WAAO,uBAAC,OAAE,4BAAH;AAAA;AAAA;AAAA;AAAA,WAAe;AAAA,EAC1B;AAEA,SACI,mCAEI,iCAAC,SAAI,WAAW,OAAO,YAEnB,iCAAC,SAAI,WAAW,OAAO,eACnB;AAAA,2BAAC,cAAW,UAAoB,aAA0B,iBAAiB,mBAAmB,eAAe,iBAA7G;AAAA;AAAA;AAAA;AAAA,WAA2H;AAAA,IAC3H,uBAAC,SAAI,WAAW,OAAO,gBACnB;AAAA,6BAAC,sBAAmB,gBAAgB,eAAe,iBAAiB,mBAAmB,kBAAkB,sBAAsB,gBAAgB,WAA/I;AAAA;AAAA;AAAA;AAAA,aAAuJ;AAAA,MACvJ,uBAAC,SAAI,WAAW,OAAO,YAEjB;AAAA,4BAAmB,gBAAgB,uBAAC,OAAE,4BAAH;AAAA;AAAA;AAAA;AAAA,eAAe;AAAA,QACnD,SAAS,uBAAC,OAAE;AAAA;AAAA,UAAU,MAAM;AAAA,aAAnB;AAAA;AAAA;AAAA;AAAA,eAA2B;AAAA,QACpC,YAAY,uBAAC,gBAAa,UAAoB,gBAAgB,oBAAoB,gBAAgB,QAAQ,iBAAiB,KAA/G;AAAA;AAAA;AAAA;AAAA,eAAiH;AAAA,QAC9H,uBAAC,SAAI,WAAW,OAAO,kBAClB;AAAA,WAAC,kBACE,mCACI;AAAA,mCAAC,oBAAiB,SAAS,oBAA3B;AAAA;AAAA;AAAA;AAAA,mBAA6C;AAAA,YAC7C,uBAAC,sBAAmB,SAAS,0BAA7B;AAAA;AAAA;AAAA;AAAA,mBAAoD;AAAA,YACpD,uBAAC,sBAAmB,SAAS,sBAA7B;AAAA;AAAA;AAAA;AAAA,mBAAgD;AAAA,eAHpD;AAAA;AAAA;AAAA;AAAA,iBAKA;AAAA,UAGH,kBACG,mCACI;AAAA,mCAAC,sBAAmB,SAAS,0BAA7B;AAAA;AAAA;AAAA;AAAA,mBAAoD;AAAA,YACpD,uBAAC,oBAAiB,SAAS,oBAA3B;AAAA;AAAA;AAAA;AAAA,mBAA6C;AAAA,eAFjD;AAAA;AAAA;AAAA;AAAA,iBAIA;AAAA,UAGH,iBACG,uBAAC,iBAAc,QAAQ,kBAAkB,UAAU,oBAAnD;AAAA;AAAA;AAAA;AAAA,iBAAoE;AAAA,aAnB5E;AAAA;AAAA;AAAA;AAAA,eAqBA;AAAA,WA1BJ;AAAA;AAAA;AAAA;AAAA,aA4BA;AAAA,SA9BJ;AAAA;AAAA;AAAA;AAAA,WA+BA;AAAA,OAjCJ;AAAA;AAAA;AAAA;AAAA,SAkCA,KApCJ;AAAA;AAAA;AAAA;AAAA,SAqCA,KAvCJ;AAAA;AAAA;AAAA;AAAA,SAwCA;AAER;AAEA,eAAe;",
      "names": [
        "error"
      ]
    },
    "_coverageSchema": "1a1c01bbd47fc00a2c39e90264f33305004495a9",
    "hash": "862d9a2d749faf1672d869d2f5c09beffddaf037"
  },
  "C:/Users/Lenovo/Desktop/React/LangView/my-app/frontend/src/components/layouts/ResultHeader/index.js": {
    "path": "C:/Users/Lenovo/Desktop/React/LangView/my-app/frontend/src/components/layouts/ResultHeader/index.js",
    "statementMap": {},
    "fnMap": {},
    "branchMap": {},
    "s": {},
    "f": {},
    "b": {},
    "inputSourceMap": {
      "version": 3,
      "sources": [
        "C:/Users/Lenovo/Desktop/React/LangView/my-app/frontend/src/components/layouts/ResultHeader/index.js"
      ],
      "names": [],
      "mappings": "AAAA,MAAM,CAAC,CAAC,CAAC,IAAI,CAAC,CAAC,CAAC,CAAC,YAAY"
    },
    "_coverageSchema": "1a1c01bbd47fc00a2c39e90264f33305004495a9",
    "hash": "780858542e838269259008a52902b772390aa3be"
  },
  "C:/Users/Lenovo/Desktop/React/LangView/my-app/frontend/src/components/layouts/ResultArea/index.js": {
    "path": "C:/Users/Lenovo/Desktop/React/LangView/my-app/frontend/src/components/layouts/ResultArea/index.js",
    "statementMap": {},
    "fnMap": {},
    "branchMap": {},
    "s": {},
    "f": {},
    "b": {},
    "inputSourceMap": {
      "version": 3,
      "sources": [
        "C:/Users/Lenovo/Desktop/React/LangView/my-app/frontend/src/components/layouts/ResultArea/index.js"
      ],
      "names": [],
      "mappings": "AAAA,MAAM,CAAC,CAAC,CAAC,IAAI,CAAC,CAAC,CAAC,CAAC,UAAU"
    },
    "_coverageSchema": "1a1c01bbd47fc00a2c39e90264f33305004495a9",
    "hash": "9094c93b6b95c3ec34b2fbbce93ef7a2c143690e"
  },
  "C:/Users/Lenovo/Desktop/React/LangView/my-app/frontend/src/components/ui/button/RepeatButton/index.js": {
    "path": "C:/Users/Lenovo/Desktop/React/LangView/my-app/frontend/src/components/ui/button/RepeatButton/index.js",
    "statementMap": {},
    "fnMap": {},
    "branchMap": {},
    "s": {},
    "f": {},
    "b": {},
    "inputSourceMap": {
      "version": 3,
      "sources": [
        "C:/Users/Lenovo/Desktop/React/LangView/my-app/frontend/src/components/ui/button/RepeatButton/index.js"
      ],
      "names": [],
      "mappings": "AAAA,MAAM,CAAC,CAAC,CAAC,IAAI,CAAC,CAAC,CAAC,CAAC,YAAY"
    },
    "_coverageSchema": "1a1c01bbd47fc00a2c39e90264f33305004495a9",
    "hash": "d9a8386fb583f797440276471326368a49cb9166"
  },
  "C:/Users/Lenovo/Desktop/React/LangView/my-app/frontend/src/pages/TestResultPage/TestResultPage.jsx": {
    "path": "C:/Users/Lenovo/Desktop/React/LangView/my-app/frontend/src/pages/TestResultPage/TestResultPage.jsx",
    "statementMap": {
      "0": {
        "start": {
          "line": 13,
          "column": 19
        },
        "end": {
          "line": 13,
          "column": 42
        }
      },
      "1": {
        "start": {
          "line": 14,
          "column": 24
        },
        "end": {
          "line": 14,
          "column": 25
        }
      },
      "2": {
        "start": {
          "line": 15,
          "column": 69
        },
        "end": {
          "line": 15,
          "column": 117
        }
      },
      "3": {
        "start": {
          "line": 16,
          "column": 75
        },
        "end": {
          "line": 16,
          "column": 159
        }
      },
      "4": {
        "start": {
          "line": 17,
          "column": 18
        },
        "end": {
          "line": 17,
          "column": 46
        }
      },
      "5": {
        "start": {
          "line": 18,
          "column": 16
        },
        "end": {
          "line": 18,
          "column": 40
        }
      },
      "6": {
        "start": {
          "line": 19,
          "column": 2
        },
        "end": {
          "line": 25,
          "column": 3
        }
      },
      "7": {
        "start": {
          "line": 20,
          "column": 4
        },
        "end": {
          "line": 24,
          "column": 13
        }
      },
      "8": {
        "start": {
          "line": 26,
          "column": 2
        },
        "end": {
          "line": 35,
          "column": 3
        }
      },
      "9": {
        "start": {
          "line": 27,
          "column": 4
        },
        "end": {
          "line": 34,
          "column": 13
        }
      },
      "10": {
        "start": {
          "line": 36,
          "column": 2
        },
        "end": {
          "line": 103,
          "column": 11
        }
      }
    },
    "fnMap": {
      "0": {
        "name": "TestResultPage",
        "decl": {
          "start": {
            "line": 12,
            "column": 16
          },
          "end": {
            "line": 12,
            "column": 30
          }
        },
        "loc": {
          "start": {
            "line": 12,
            "column": 33
          },
          "end": {
            "line": 104,
            "column": 1
          }
        },
        "line": 12
      }
    },
    "branchMap": {
      "0": {
        "loc": {
          "start": {
            "line": 17,
            "column": 18
          },
          "end": {
            "line": 17,
            "column": 46
          }
        },
        "type": "binary-expr",
        "locations": [
          {
            "start": {
              "line": 17,
              "column": 18
            },
            "end": {
              "line": 17,
              "column": 29
            }
          },
          {
            "start": {
              "line": 17,
              "column": 33
            },
            "end": {
              "line": 17,
              "column": 46
            }
          }
        ],
        "line": 17
      },
      "1": {
        "loc": {
          "start": {
            "line": 18,
            "column": 16
          },
          "end": {
            "line": 18,
            "column": 40
          }
        },
        "type": "binary-expr",
        "locations": [
          {
            "start": {
              "line": 18,
              "column": 16
            },
            "end": {
              "line": 18,
              "column": 25
            }
          },
          {
            "start": {
              "line": 18,
              "column": 29
            },
            "end": {
              "line": 18,
              "column": 40
            }
          }
        ],
        "line": 18
      },
      "2": {
        "loc": {
          "start": {
            "line": 19,
            "column": 2
          },
          "end": {
            "line": 25,
            "column": 3
          }
        },
        "type": "if",
        "locations": [
          {
            "start": {
              "line": 19,
              "column": 2
            },
            "end": {
              "line": 25,
              "column": 3
            }
          },
          {
            "start": {},
            "end": {}
          }
        ],
        "line": 19
      },
      "3": {
        "loc": {
          "start": {
            "line": 26,
            "column": 2
          },
          "end": {
            "line": 35,
            "column": 3
          }
        },
        "type": "if",
        "locations": [
          {
            "start": {
              "line": 26,
              "column": 2
            },
            "end": {
              "line": 35,
              "column": 3
            }
          },
          {
            "start": {},
            "end": {}
          }
        ],
        "line": 26
      },
      "4": {
        "loc": {
          "start": {
            "line": 29,
            "column": 6
          },
          "end": {
            "line": 29,
            "column": 28
          }
        },
        "type": "binary-expr",
        "locations": [
          {
            "start": {
              "line": 29,
              "column": 6
            },
            "end": {
              "line": 29,
              "column": 19
            }
          },
          {
            "start": {
              "line": 29,
              "column": 23
            },
            "end": {
              "line": 29,
              "column": 28
            }
          }
        ],
        "line": 29
      },
      "5": {
        "loc": {
          "start": {
            "line": 37,
            "column": 53
          },
          "end": {
            "line": 37,
            "column": 90
          }
        },
        "type": "binary-expr",
        "locations": [
          {
            "start": {
              "line": 37,
              "column": 53
            },
            "end": {
              "line": 37,
              "column": 72
            }
          },
          {
            "start": {
              "line": 37,
              "column": 76
            },
            "end": {
              "line": 37,
              "column": 90
            }
          }
        ],
        "line": 37
      },
      "6": {
        "loc": {
          "start": {
            "line": 43,
            "column": 6
          },
          "end": {
            "line": 64,
            "column": 14
          }
        },
        "type": "cond-expr",
        "locations": [
          {
            "start": {
              "line": 43,
              "column": 35
            },
            "end": {
              "line": 60,
              "column": 7
            }
          },
          {
            "start": {
              "line": 60,
              "column": 26
            },
            "end": {
              "line": 64,
              "column": 14
            }
          }
        ],
        "line": 43
      }
    },
    "s": {
      "0": 4,
      "1": 4,
      "2": 4,
      "3": 4,
      "4": 4,
      "5": 4,
      "6": 4,
      "7": 2,
      "8": 2,
      "9": 0,
      "10": 2
    },
    "f": {
      "0": 4
    },
    "b": {
      "0": [
        4,
        2
      ],
      "1": [
        4,
        4
      ],
      "2": [
        2,
        2
      ],
      "3": [
        0,
        2
      ],
      "4": [
        0,
        0
      ],
      "5": [
        2,
        0
      ],
      "6": [
        2,
        0
      ]
    },
    "inputSourceMap": {
      "version": 3,
      "sources": [
        "C:/Users/Lenovo/Desktop/React/LangView/my-app/frontend/src/pages/TestResultPage/TestResultPage.jsx"
      ],
      "mappings": "AAuBe;AAvBf,OAAO,SAAS,UAAU,WAAW,kBAAkB;AACvD,OAAO,YAAY;AACnB,SAAS,oBAAoB;AAC7B,SAAS,kBAAkB;AAC3B,SAAS,oBAAoB;AAC7B,SAAS,oBAAoB;AAC7B,SAAS,oBAAoB;AAC7B,SAAS,kBAAkB;AAC3B,SAAS,mBAAmB;AAC5B,SAAS,gBAAgB;AAElB,gBAAS,iBAAiB;AAE7B,QAAM,EAAE,KAAK,IAAI,WAAW,WAAW;AACvC,QAAM,gBAAgB;AAEtB,QAAM,EAAE,MAAM,UAAU,SAAS,aAAa,OAAO,UAAU,IAAI,SAAS,uBAAuB,KAAK,QAAQ,EAAE;AAClH,QAAM,EAAE,MAAM,YAAY,SAAS,eAAe,OAAO,YAAY,IAAI,SAAS,kCAAkC,KAAK,QAAQ,YAAY,aAAa,EAAE;AAE5J,QAAM,UAAU,eAAe;AAC/B,QAAM,QAAQ,aAAa;AAE3B,MAAI,SAAS;AACT,WAAO,uBAAC,OAAE,+BAAH;AAAA;AAAA;AAAA;AAAA,WAAkB;AAAA,EAC7B;AAEA,MAAI,OAAO;AACP,WAAO,uBAAC,OAAE;AAAA;AAAA,MAAU,MAAM,WAAW;AAAA,SAA9B;AAAA;AAAA;AAAA;AAAA,WAAoC;AAAA,EAC/C;AAEA,SACI,uBAAC,SAAI,WAAW,OAAO,cACnB,iCAAC,SAAI,WAAW,OAAO,iBACnB;AAAA,2BAAC,gBAAa,UAAU,UAAU,aAAa,kBAA/C;AAAA;AAAA;AAAA;AAAA,WAA+D;AAAA,IAC/D,uBAAC,SAAI,WAAW,OAAO,gBACnB,iCAAC,SAAI,WAAW,OAAO,YAClB;AAAA,mBACG;AAAA,QAAC;AAAA;AAAA,UACG,QAAQ;AAAA,YACJ,GAAG;AAAA,YACH,MAAM,WAAW,WAAW,YAAY;AAAA,YACxC,SAAS,WAAW;AAAA,UACxB;AAAA;AAAA,QALJ;AAAA;AAAA;AAAA;AAAA;AAAA;AAAA;AAAA;AAAA,MAMA,IAEA,uBAAC,OAAE,qCAAH;AAAA;AAAA;AAAA;AAAA,aAAwB;AAAA,MAG5B,uBAAC,SAAI,WAAW,OAAO,kBACnB;AAAA,+BAAC,kBAAD;AAAA;AAAA;AAAA;AAAA,eAAc;AAAA,QACd,uBAAC,kBAAD;AAAA;AAAA;AAAA;AAAA,eAAc;AAAA,QACd,uBAAC,kBAAD;AAAA;AAAA;AAAA;AAAA,eAAc;AAAA,WAHlB;AAAA;AAAA;AAAA;AAAA,aAIA;AAAA,SAjBJ;AAAA;AAAA;AAAA;AAAA,WAkBA,KAnBJ;AAAA;AAAA;AAAA;AAAA,WAoBA;AAAA,OAtBJ;AAAA;AAAA;AAAA;AAAA,SAuBA,KAxBJ;AAAA;AAAA;AAAA;AAAA,SAyBA;AAER;AAEA,eAAe;",
      "names": []
    },
    "_coverageSchema": "1a1c01bbd47fc00a2c39e90264f33305004495a9",
    "hash": "6c1789e345dfb2af942e3e24ed98bdc5442f7539"
  }
}